<?xml version="1.0" encoding="utf-8"?><testsuite errors="0" failures="0" name="pytest" skips="0" tests="17" time="0.337"><testcase classname="getversion.tests.test_main" file="getversion/tests/test_main.py" line="134" name="test_modules_version[mod_is_builtin_module_and_submodule-collections]" time="0.005704641342163086"><system-out>Version &apos;3.5.6.final.0&apos; found for module &apos;collections&apos; by strategy &apos;get_builtin_module_version&apos;, after the following failed attempts:
 - Attempts for module &apos;collections&apos;:
   - &lt;get_module_version_attr&gt;: module &apos;collections&apos; has no attribute &apos;__version__&apos;
   - &lt;get_version_using_pkgresources&gt;: Invalid version number: None
   - &lt;get_builtin_module_version&gt;: SUCCESS: 3.5.6.final.0

</system-out></testcase><testcase classname="getversion.tests.test_main" file="getversion/tests/test_main.py" line="134" name="test_modules_version[mod_is_builtin_module_and_submodule-xml]" time="0.004569292068481445"><system-out>Version &apos;3.5.6.final.0&apos; found for module &apos;xml&apos; by strategy &apos;get_builtin_module_version&apos;, after the following failed attempts:
 - Attempts for module &apos;xml&apos;:
   - &lt;get_module_version_attr&gt;: module &apos;xml&apos; has no attribute &apos;__version__&apos;
   - &lt;get_version_using_pkgresources&gt;: Invalid version number: None
   - &lt;get_builtin_module_version&gt;: SUCCESS: 3.5.6.final.0

</system-out></testcase><testcase classname="getversion.tests.test_main" file="getversion/tests/test_main.py" line="134" name="test_modules_version[mod_is_builtin_module_and_submodule-xml.dom]" time="0.004950046539306641"><system-out>Version &apos;3.5.6.final.0&apos; found for module &apos;xml.dom&apos; by strategy &apos;get_builtin_module_version&apos;, after the following failed attempts:
 - Attempts for module &apos;xml.dom&apos;:
   - &lt;get_module_version_attr&gt;: module &apos;xml.dom&apos; has no attribute &apos;__version__&apos;
 - Attempts for module &apos;xml&apos;:
   - &lt;get_module_version_attr&gt;: module &apos;xml&apos; has no attribute &apos;__version__&apos;
   - &lt;get_version_using_pkgresources&gt;: Invalid version number: None
   - &lt;get_builtin_module_version&gt;: SUCCESS: 3.5.6.final.0

</system-out></testcase><testcase classname="getversion.tests.test_main" file="getversion/tests/test_main.py" line="134" name="test_modules_version[mod_is_module_with_version_attr-re]" time="0.0020263195037841797"><system-out>Version &apos;2.2.1&apos; found for module &apos;re&apos; by strategy &apos;get_module_version_attr&apos;, after the following failed attempts:
 - Attempts for module &apos;re&apos;:
   - &lt;get_module_version_attr&gt;: SUCCESS: 2.2.1

</system-out></testcase><testcase classname="getversion.tests.test_main" file="getversion/tests/test_main.py" line="134" name="test_modules_version[mod_is_module_with_version_attr-json]" time="0.004277706146240234"><system-out>Version &apos;2.0.9&apos; found for module &apos;json&apos; by strategy &apos;get_module_version_attr&apos;, after the following failed attempts:
 - Attempts for module &apos;json&apos;:
   - &lt;get_module_version_attr&gt;: SUCCESS: 2.0.9

</system-out></testcase><testcase classname="getversion.tests.test_main" file="getversion/tests/test_main.py" line="134" name="test_modules_version[mod_is_module_with_version_attr-dummy2.subpkg_with_version]" time="0.0064029693603515625"><system-out>Version &apos;4.5.6&apos; found for module &apos;dummy2.subpkg_with_version&apos; by strategy &apos;get_module_version_attr&apos;, after the following failed attempts:
 - Attempts for module &apos;dummy2.subpkg_with_version&apos;:
   - &lt;get_module_version_attr&gt;: SUCCESS: 4.5.6

</system-out></testcase><testcase classname="getversion.tests.test_main" file="getversion/tests/test_main.py" line="134" name="test_modules_version[mod_is_module_with_version_attr-dummy2.subpkg_with_version.submodule_with_version]" time="0.004437446594238281"><system-out>Version &apos;1.2.3&apos; found for module &apos;dummy2.subpkg_with_version.submodule_with_version&apos; by strategy &apos;get_module_version_attr&apos;, after the following failed attempts:
 - Attempts for module &apos;dummy2.subpkg_with_version.submodule_with_version&apos;:
   - &lt;get_module_version_attr&gt;: SUCCESS: 1.2.3

</system-out></testcase><testcase classname="getversion.tests.test_main" file="getversion/tests/test_main.py" line="134" name="test_modules_version[mod_is_submodule_in_pkg_with_version_attr-json.encoder-json]" time="0.003780364990234375"><system-out>Version &apos;2.0.9&apos; found for module &apos;json.encoder&apos; by strategy &apos;get_module_version_attr&apos;, after the following failed attempts:
 - Attempts for module &apos;json.encoder&apos;:
   - &lt;get_module_version_attr&gt;: module &apos;json.encoder&apos; has no attribute &apos;__version__&apos;
 - Attempts for module &apos;json&apos;:
   - &lt;get_module_version_attr&gt;: SUCCESS: 2.0.9

</system-out></testcase><testcase classname="getversion.tests.test_main" file="getversion/tests/test_main.py" line="134" name="test_modules_version[mod_is_submodule_in_pkg_with_version_attr-dummy2.subpkg_no_version-dummy2]" time="0.005692720413208008"><system-out>Version &apos;10.9.8&apos; found for module &apos;dummy2.subpkg_no_version&apos; by strategy &apos;get_module_version_attr&apos;, after the following failed attempts:
 - Attempts for module &apos;dummy2.subpkg_no_version&apos;:
   - &lt;get_module_version_attr&gt;: module &apos;dummy2.subpkg_no_version&apos; has no attribute &apos;__version__&apos;
 - Attempts for module &apos;dummy2&apos;:
   - &lt;get_module_version_attr&gt;: SUCCESS: 10.9.8

</system-out></testcase><testcase classname="getversion.tests.test_main" file="getversion/tests/test_main.py" line="134" name="test_modules_version[mod_is_submodule_in_pkg_with_version_attr-dummy2.submodule_no_version-dummy2]" time="0.004931926727294922"><system-out>Version &apos;10.9.8&apos; found for module &apos;dummy2.submodule_no_version&apos; by strategy &apos;get_module_version_attr&apos;, after the following failed attempts:
 - Attempts for module &apos;dummy2.submodule_no_version&apos;:
   - &lt;get_module_version_attr&gt;: module &apos;dummy2.submodule_no_version&apos; has no attribute &apos;__version__&apos;
 - Attempts for module &apos;dummy2&apos;:
   - &lt;get_module_version_attr&gt;: SUCCESS: 10.9.8

</system-out></testcase><testcase classname="getversion.tests.test_main" file="getversion/tests/test_main.py" line="134" name="test_modules_version[mod_is_submodule_in_pkg_with_version_attr-dummy2.subpkg_with_version.submodule_no_version-dummy2.subpkg_with_version]" time="0.004762887954711914"><system-out>Version &apos;4.5.6&apos; found for module &apos;dummy2.subpkg_with_version.submodule_no_version&apos; by strategy &apos;get_module_version_attr&apos;, after the following failed attempts:
 - Attempts for module &apos;dummy2.subpkg_with_version.submodule_no_version&apos;:
   - &lt;get_module_version_attr&gt;: module &apos;dummy2.subpkg_with_version.submodule_no_version&apos; has no attribute &apos;__version__&apos;
 - Attempts for module &apos;dummy2.subpkg_with_version&apos;:
   - &lt;get_module_version_attr&gt;: SUCCESS: 4.5.6

</system-out></testcase><testcase classname="getversion.tests.test_main" file="getversion/tests/test_main.py" line="134" name="test_modules_version[mod_is_unzipped_wheel_or_egg-dummy]" time="0.006737947463989258"><system-out>Version &apos;2.9.2&apos; found for module &apos;dummy&apos; by strategy &apos;get_unzipped_wheel_or_egg_version&apos;, after the following failed attempts:
 - Attempts for module &apos;dummy&apos;:
   - &lt;get_module_version_attr&gt;: module &apos;dummy&apos; has no attribute &apos;__version__&apos;
   - &lt;get_version_using_pkgresources&gt;: Invalid version number: None
   - &lt;get_builtin_module_version&gt;: Module dummy is not a built-in module
   - &lt;get_unzipped_wheel_or_egg_version&gt;: SUCCESS: 2.9.2

</system-out></testcase><testcase classname="getversion.tests.test_main" file="getversion/tests/test_main.py" line="134" name="test_modules_version[mod_is_unzipped_wheel_or_egg-dummy3]" time="0.006547689437866211"><system-out>Version &apos;0.1.0&apos; found for module &apos;dummy3&apos; by strategy &apos;get_unzipped_wheel_or_egg_version&apos;, after the following failed attempts:
 - Attempts for module &apos;dummy3&apos;:
   - &lt;get_module_version_attr&gt;: module &apos;dummy3&apos; has no attribute &apos;__version__&apos;
   - &lt;get_version_using_pkgresources&gt;: Invalid version number: None
   - &lt;get_builtin_module_version&gt;: Module dummy3 is not a built-in module
   - &lt;get_unzipped_wheel_or_egg_version&gt;: SUCCESS: 0.1.0

</system-out></testcase><testcase classname="getversion.tests.test_main" file="getversion/tests/test_main.py" line="134" name="test_modules_version[mod_is_unzipped_wheel_or_egg-dummy3b]" time="0.0038187503814697266"><system-out>Version &apos;1.2.3&apos; found for module &apos;dummy3b&apos; by strategy &apos;get_unzipped_wheel_or_egg_version&apos;, after the following failed attempts:
 - Attempts for module &apos;dummy3b&apos;:
   - &lt;get_module_version_attr&gt;: module &apos;dummy3b&apos; has no attribute &apos;__version__&apos;
   - &lt;get_version_using_pkgresources&gt;: Invalid version number: None
   - &lt;get_builtin_module_version&gt;: Module dummy3b is not a built-in module
   - &lt;get_unzipped_wheel_or_egg_version&gt;: SUCCESS: 1.2.3

</system-out></testcase><testcase classname="getversion.tests.test_main" file="getversion/tests/test_main.py" line="134" name="test_modules_version[mod_is_unzipped_wheel_or_egg-dummy4]" time="0.007036447525024414"><system-out>Version &apos;1.1.1&apos; found for module &apos;dummy4&apos; by strategy &apos;get_unzipped_wheel_or_egg_version&apos;, after the following failed attempts:
 - Attempts for module &apos;dummy4&apos;:
   - &lt;get_module_version_attr&gt;: module &apos;dummy4&apos; has no attribute &apos;__version__&apos;
   - &lt;get_version_using_pkgresources&gt;: Invalid version number: None
   - &lt;get_builtin_module_version&gt;: Module dummy4 is not a built-in module
   - &lt;get_unzipped_wheel_or_egg_version&gt;: SUCCESS: 1.1.1

</system-out></testcase><testcase classname="getversion.tests.test_main" file="getversion/tests/test_main.py" line="134" name="test_modules_version[mod_is_self_uninstalled_git]" time="0.07113480567932129"><system-out>Version &apos;0.1.dev35+gf8aec4c.d20190705&apos; found for module &apos;getversion&apos; by strategy &apos;get_version_using_setuptools_scm&apos;, after the following failed attempts:
 - Attempts for module &apos;getversion&apos;:
   - &lt;get_module_version_attr&gt;: module &apos;getversion&apos; has no attribute &apos;__version__&apos;
   - &lt;get_version_using_pkgresources&gt;: Invalid version number: None
   - &lt;get_builtin_module_version&gt;: Module getversion is not a built-in module
   - &lt;get_unzipped_wheel_or_egg_version&gt;: not enough arguments for format string
   - &lt;get_version_using_setuptools_scm&gt;: SUCCESS: 0.1.dev35+gf8aec4c.d20190705

</system-out></testcase><testcase classname="getversion.tests.test_plugin_distinfo" file="getversion/tests/test_plugin_distinfo.py" line="5" name="test_dist_info" time="0.0018105506896972656"></testcase></testsuite>