<?xml version="1.0" encoding="utf-8"?><testsuite errors="0" failures="0" name="pytest" skips="0" tests="18" time="0.358"><testcase classname="getversion.tests.test_main" file="getversion/tests/test_main.py" line="126" name="test_modules_version[mod_is_builtin_module_and_submodule-html]" time="0.005228519439697266"></testcase><testcase classname="getversion.tests.test_main" file="getversion/tests/test_main.py" line="126" name="test_modules_version[mod_is_builtin_module_and_submodule-html.entities]" time="0.004403591156005859"></testcase><testcase classname="getversion.tests.test_main" file="getversion/tests/test_main.py" line="126" name="test_modules_version[mod_is_builtin_module_and_submodule-collections]" time="0.003523588180541992"></testcase><testcase classname="getversion.tests.test_main" file="getversion/tests/test_main.py" line="126" name="test_modules_version[mod_is_builtin_module_and_submodule-collections.abc]" time="0.0033283233642578125"></testcase><testcase classname="getversion.tests.test_main" file="getversion/tests/test_main.py" line="126" name="test_modules_version[mod_is_module_with_version_attr-re]" time="0.003551959991455078"></testcase><testcase classname="getversion.tests.test_main" file="getversion/tests/test_main.py" line="126" name="test_modules_version[mod_is_module_with_version_attr-json]" time="0.0029714107513427734"></testcase><testcase classname="getversion.tests.test_main" file="getversion/tests/test_main.py" line="126" name="test_modules_version[mod_is_module_with_version_attr-dummy2.subpkg_with_version]" time="0.005193948745727539"></testcase><testcase classname="getversion.tests.test_main" file="getversion/tests/test_main.py" line="126" name="test_modules_version[mod_is_module_with_version_attr-dummy2.subpkg_with_version.submodule_with_version]" time="0.0052034854888916016"></testcase><testcase classname="getversion.tests.test_main" file="getversion/tests/test_main.py" line="126" name="test_modules_version[mod_is_submodule_in_pkg_with_version_attr-json.encoder-json]" time="0.003029346466064453"></testcase><testcase classname="getversion.tests.test_main" file="getversion/tests/test_main.py" line="126" name="test_modules_version[mod_is_submodule_in_pkg_with_version_attr-dummy2.subpkg_no_version-dummy2]" time="0.0060346126556396484"></testcase><testcase classname="getversion.tests.test_main" file="getversion/tests/test_main.py" line="126" name="test_modules_version[mod_is_submodule_in_pkg_with_version_attr-dummy2.submodule_no_version-dummy2]" time="0.005500316619873047"></testcase><testcase classname="getversion.tests.test_main" file="getversion/tests/test_main.py" line="126" name="test_modules_version[mod_is_submodule_in_pkg_with_version_attr-dummy2.subpkg_with_version.submodule_no_version-dummy2.subpkg_with_version]" time="0.004162311553955078"></testcase><testcase classname="getversion.tests.test_main" file="getversion/tests/test_main.py" line="126" name="test_modules_version[mod_is_unzipped_wheel_or_egg-dummy]" time="0.006326913833618164"></testcase><testcase classname="getversion.tests.test_main" file="getversion/tests/test_main.py" line="126" name="test_modules_version[mod_is_unzipped_wheel_or_egg-dummy3]" time="0.008152246475219727"></testcase><testcase classname="getversion.tests.test_main" file="getversion/tests/test_main.py" line="126" name="test_modules_version[mod_is_unzipped_wheel_or_egg-dummy3b]" time="0.005541324615478516"></testcase><testcase classname="getversion.tests.test_main" file="getversion/tests/test_main.py" line="126" name="test_modules_version[mod_is_unzipped_wheel_or_egg-dummy4]" time="0.00771641731262207"></testcase><testcase classname="getversion.tests.test_main" file="getversion/tests/test_main.py" line="126" name="test_modules_version[mod_is_self_uninstalled_git]" time="0.07711029052734375"></testcase><testcase classname="getversion.tests.test_plugin_distinfo" file="getversion/tests/test_plugin_distinfo.py" line="5" name="test_dist_info" time="0.0017578601837158203"></testcase></testsuite>