<?xml version="1.0" encoding="utf-8"?><testsuite errors="1" failures="0" name="pytest" skips="0" tests="18" time="0.283"><testcase classname="getversion.tests.test_main" file="getversion/tests/test_main.py" line="125" name="test_modules_version[mod_is_builtin_module_and_submodule-html]" time="0.005131959915161133"></testcase><testcase classname="getversion.tests.test_main" file="getversion/tests/test_main.py" line="125" name="test_modules_version[mod_is_builtin_module_and_submodule-html.entities]" time="0.00412750244140625"></testcase><testcase classname="getversion.tests.test_main" file="getversion/tests/test_main.py" line="125" name="test_modules_version[mod_is_builtin_module_and_submodule-collections]" time="0.004830360412597656"></testcase><testcase classname="getversion.tests.test_main" file="getversion/tests/test_main.py" line="125" name="test_modules_version[mod_is_builtin_module_and_submodule-collections.abc]" time="0.004309892654418945"></testcase><testcase classname="getversion.tests.test_main" file="getversion/tests/test_main.py" line="125" name="test_modules_version[mod_is_module_with_version_attr-re]" time="0.0032961368560791016"></testcase><testcase classname="getversion.tests.test_main" file="getversion/tests/test_main.py" line="125" name="test_modules_version[mod_is_module_with_version_attr-json]" time="0.0029883384704589844"></testcase><testcase classname="getversion.tests.test_main" file="getversion/tests/test_main.py" line="125" name="test_modules_version[mod_is_module_with_version_attr-dummy2.subpkg_with_version]" time="0.0064945220947265625"></testcase><testcase classname="getversion.tests.test_main" file="getversion/tests/test_main.py" line="125" name="test_modules_version[mod_is_module_with_version_attr-dummy2.subpkg_with_version.submodule_with_version]" time="0.004649162292480469"></testcase><testcase classname="getversion.tests.test_main" file="getversion/tests/test_main.py" line="125" name="test_modules_version[mod_is_submodule_in_pkg_with_version_attr-json.encoder-json]" time="0.0030622482299804688"></testcase><testcase classname="getversion.tests.test_main" file="getversion/tests/test_main.py" line="125" name="test_modules_version[mod_is_submodule_in_pkg_with_version_attr-dummy2.subpkg_no_version-dummy2]" time="0.0048825740814208984"></testcase><testcase classname="getversion.tests.test_main" file="getversion/tests/test_main.py" line="125" name="test_modules_version[mod_is_submodule_in_pkg_with_version_attr-dummy2.submodule_no_version-dummy2]" time="0.004636526107788086"></testcase><testcase classname="getversion.tests.test_main" file="getversion/tests/test_main.py" line="125" name="test_modules_version[mod_is_submodule_in_pkg_with_version_attr-dummy2.subpkg_with_version.submodule_no_version-dummy2.subpkg_with_version]" time="0.004559040069580078"></testcase><testcase classname="getversion.tests.test_main" file="getversion/tests/test_main.py" line="125" name="test_modules_version[mod_is_unzipped_wheel_or_egg-dummy]" time="0.005506038665771484"></testcase><testcase classname="getversion.tests.test_main" file="getversion/tests/test_main.py" line="125" name="test_modules_version[mod_is_unzipped_wheel_or_egg-dummy3]" time="0.006562471389770508"></testcase><testcase classname="getversion.tests.test_main" file="getversion/tests/test_main.py" line="125" name="test_modules_version[mod_is_unzipped_wheel_or_egg-dummy3b]" time="0.006026744842529297"></testcase><testcase classname="getversion.tests.test_main" file="getversion/tests/test_main.py" line="125" name="test_modules_version[mod_is_unzipped_wheel_or_egg-dummy4]" time="0.0061168670654296875"></testcase><testcase classname="getversion.tests.test_main" file="getversion/tests/test_main.py" line="125" name="test_modules_version[mod_is_self_uninstalled_git]" time="0.0022132396697998047"><error message="test setup failure">@pytest_fixture_plus
    def self_uninstalled_git():
&gt;       expected_version = get_version(join(getversion.__file__, pardir, pardir))
E       NameError: name &apos;getversion&apos; is not defined

getversion/tests/test_main.py:105: NameError</error></testcase><testcase classname="getversion.tests.test_plugin_distinfo" file="getversion/tests/test_plugin_distinfo.py" line="5" name="test_dist_info" time="0.0014426708221435547"></testcase></testsuite>